ERROR - 2024-02-26 05:09:57 --> Error connecting to the database: mysqli_sql_exception: No se puede establecer una conexión ya que el equipo de destino denegó expresamente dicha conexión in C:\xampp\htdocs\ProyectoChucho\vendor\codeigniter4\framework\system\Database\MySQLi\Connection.php:184
Stack trace:
#0 C:\xampp\htdocs\ProyectoChucho\vendor\codeigniter4\framework\system\Database\MySQLi\Connection.php(184): mysqli->real_connect('localhost', 'root', Object(SensitiveParameterValue), 'ProyectoChucho', 8888, '', 0)
#1 C:\xampp\htdocs\ProyectoChucho\vendor\codeigniter4\framework\system\Database\BaseConnection.php(392): CodeIgniter\Database\MySQLi\Connection->connect(false)
#2 C:\xampp\htdocs\ProyectoChucho\vendor\codeigniter4\framework\system\Database\BaseConnection.php(575): CodeIgniter\Database\BaseConnection->initialize()
#3 C:\xampp\htdocs\ProyectoChucho\vendor\codeigniter4\framework\system\Model.php(868): CodeIgniter\Database\BaseConnection->query('CALL InsertarIm...')
#4 C:\xampp\htdocs\ProyectoChucho\app\Controllers\Cine.php(40): CodeIgniter\Model->__call('query', Array)
#5 C:\xampp\htdocs\ProyectoChucho\vendor\codeigniter4\framework\system\CodeIgniter.php(941): App\Controllers\Cine->insertarPelicula()
#6 C:\xampp\htdocs\ProyectoChucho\vendor\codeigniter4\framework\system\CodeIgniter.php(502): CodeIgniter\CodeIgniter->runController(Object(App\Controllers\Cine))
#7 C:\xampp\htdocs\ProyectoChucho\vendor\codeigniter4\framework\system\CodeIgniter.php(361): CodeIgniter\CodeIgniter->handleRequest(NULL, Object(Config\Cache), false)
#8 C:\xampp\htdocs\ProyectoChucho\public\index.php(79): CodeIgniter\CodeIgniter->run()
#9 {main}

Next CodeIgniter\Database\Exceptions\DatabaseException: No se puede establecer una conexión ya que el equipo de destino denegó expresamente dicha conexión in C:\xampp\htdocs\ProyectoChucho\vendor\codeigniter4\framework\system\Database\MySQLi\Connection.php:229
Stack trace:
#0 C:\xampp\htdocs\ProyectoChucho\vendor\codeigniter4\framework\system\Database\BaseConnection.php(392): CodeIgniter\Database\MySQLi\Connection->connect(false)
#1 C:\xampp\htdocs\ProyectoChucho\vendor\codeigniter4\framework\system\Database\BaseConnection.php(575): CodeIgniter\Database\BaseConnection->initialize()
#2 C:\xampp\htdocs\ProyectoChucho\vendor\codeigniter4\framework\system\Model.php(868): CodeIgniter\Database\BaseConnection->query('CALL InsertarIm...')
#3 C:\xampp\htdocs\ProyectoChucho\app\Controllers\Cine.php(40): CodeIgniter\Model->__call('query', Array)
#4 C:\xampp\htdocs\ProyectoChucho\vendor\codeigniter4\framework\system\CodeIgniter.php(941): App\Controllers\Cine->insertarPelicula()
#5 C:\xampp\htdocs\ProyectoChucho\vendor\codeigniter4\framework\system\CodeIgniter.php(502): CodeIgniter\CodeIgniter->runController(Object(App\Controllers\Cine))
#6 C:\xampp\htdocs\ProyectoChucho\vendor\codeigniter4\framework\system\CodeIgniter.php(361): CodeIgniter\CodeIgniter->handleRequest(NULL, Object(Config\Cache), false)
#7 C:\xampp\htdocs\ProyectoChucho\public\index.php(79): CodeIgniter\CodeIgniter->run()
#8 {main}
CRITICAL - 2024-02-26 05:09:57 --> CodeIgniter\Database\Exceptions\DatabaseException: Unable to connect to the database.
Main connection [MySQLi]: No se puede establecer una conexión ya que el equipo de destino denegó expresamente dicha conexión
in SYSTEMPATH\Database\BaseConnection.php on line 428.
 1 SYSTEMPATH\Database\BaseConnection.php(575): CodeIgniter\Database\BaseConnection->initialize()
 2 SYSTEMPATH\Model.php(868): CodeIgniter\Database\BaseConnection->query('CALL InsertarImagen(\'Demon Slayer\', \'"C:\\xampp\\htdocs\\ProyectoChucho\\public\\resources\\tren_infinito.jpg"\')')
 3 APPPATH\Controllers\Cine.php(40): CodeIgniter\Model->__call('query', [...])
 4 SYSTEMPATH\CodeIgniter.php(941): App\Controllers\Cine->insertarPelicula()
 5 SYSTEMPATH\CodeIgniter.php(502): CodeIgniter\CodeIgniter->runController(Object(App\Controllers\Cine))
 6 SYSTEMPATH\CodeIgniter.php(361): CodeIgniter\CodeIgniter->handleRequest(null, Object(Config\Cache), false)
 7 FCPATH\index.php(79): CodeIgniter\CodeIgniter->run()
ERROR - 2024-02-26 05:13:03 --> Error connecting to the database: mysqli_sql_exception: No se puede establecer una conexión ya que el equipo de destino denegó expresamente dicha conexión in C:\xampp\htdocs\ProyectoChucho\vendor\codeigniter4\framework\system\Database\MySQLi\Connection.php:184
Stack trace:
#0 C:\xampp\htdocs\ProyectoChucho\vendor\codeigniter4\framework\system\Database\MySQLi\Connection.php(184): mysqli->real_connect('localhost', 'root', Object(SensitiveParameterValue), 'ProyectoChucho', 8888, '', 0)
#1 C:\xampp\htdocs\ProyectoChucho\vendor\codeigniter4\framework\system\Database\BaseConnection.php(392): CodeIgniter\Database\MySQLi\Connection->connect(false)
#2 C:\xampp\htdocs\ProyectoChucho\vendor\codeigniter4\framework\system\Database\BaseConnection.php(575): CodeIgniter\Database\BaseConnection->initialize()
#3 C:\xampp\htdocs\ProyectoChucho\vendor\codeigniter4\framework\system\Model.php(868): CodeIgniter\Database\BaseConnection->query('CALL InsertarIm...')
#4 C:\xampp\htdocs\ProyectoChucho\app\Controllers\Cine.php(40): CodeIgniter\Model->__call('query', Array)
#5 C:\xampp\htdocs\ProyectoChucho\vendor\codeigniter4\framework\system\CodeIgniter.php(941): App\Controllers\Cine->insertarPelicula()
#6 C:\xampp\htdocs\ProyectoChucho\vendor\codeigniter4\framework\system\CodeIgniter.php(502): CodeIgniter\CodeIgniter->runController(Object(App\Controllers\Cine))
#7 C:\xampp\htdocs\ProyectoChucho\vendor\codeigniter4\framework\system\CodeIgniter.php(361): CodeIgniter\CodeIgniter->handleRequest(NULL, Object(Config\Cache), false)
#8 C:\xampp\htdocs\ProyectoChucho\public\index.php(79): CodeIgniter\CodeIgniter->run()
#9 {main}

Next CodeIgniter\Database\Exceptions\DatabaseException: No se puede establecer una conexión ya que el equipo de destino denegó expresamente dicha conexión in C:\xampp\htdocs\ProyectoChucho\vendor\codeigniter4\framework\system\Database\MySQLi\Connection.php:229
Stack trace:
#0 C:\xampp\htdocs\ProyectoChucho\vendor\codeigniter4\framework\system\Database\BaseConnection.php(392): CodeIgniter\Database\MySQLi\Connection->connect(false)
#1 C:\xampp\htdocs\ProyectoChucho\vendor\codeigniter4\framework\system\Database\BaseConnection.php(575): CodeIgniter\Database\BaseConnection->initialize()
#2 C:\xampp\htdocs\ProyectoChucho\vendor\codeigniter4\framework\system\Model.php(868): CodeIgniter\Database\BaseConnection->query('CALL InsertarIm...')
#3 C:\xampp\htdocs\ProyectoChucho\app\Controllers\Cine.php(40): CodeIgniter\Model->__call('query', Array)
#4 C:\xampp\htdocs\ProyectoChucho\vendor\codeigniter4\framework\system\CodeIgniter.php(941): App\Controllers\Cine->insertarPelicula()
#5 C:\xampp\htdocs\ProyectoChucho\vendor\codeigniter4\framework\system\CodeIgniter.php(502): CodeIgniter\CodeIgniter->runController(Object(App\Controllers\Cine))
#6 C:\xampp\htdocs\ProyectoChucho\vendor\codeigniter4\framework\system\CodeIgniter.php(361): CodeIgniter\CodeIgniter->handleRequest(NULL, Object(Config\Cache), false)
#7 C:\xampp\htdocs\ProyectoChucho\public\index.php(79): CodeIgniter\CodeIgniter->run()
#8 {main}
CRITICAL - 2024-02-26 05:13:03 --> CodeIgniter\Database\Exceptions\DatabaseException: Unable to connect to the database.
Main connection [MySQLi]: No se puede establecer una conexión ya que el equipo de destino denegó expresamente dicha conexión
in SYSTEMPATH\Database\BaseConnection.php on line 428.
 1 SYSTEMPATH\Database\BaseConnection.php(575): CodeIgniter\Database\BaseConnection->initialize()
 2 SYSTEMPATH\Model.php(868): CodeIgniter\Database\BaseConnection->query('CALL InsertarImagen(\'Demon Slayer\', \'"C:\\xampp\\htdocs\\ProyectoChucho\\public\\resources\\tren_infinito.jpg"\')')
 3 APPPATH\Controllers\Cine.php(40): CodeIgniter\Model->__call('query', [...])
 4 SYSTEMPATH\CodeIgniter.php(941): App\Controllers\Cine->insertarPelicula()
 5 SYSTEMPATH\CodeIgniter.php(502): CodeIgniter\CodeIgniter->runController(Object(App\Controllers\Cine))
 6 SYSTEMPATH\CodeIgniter.php(361): CodeIgniter\CodeIgniter->handleRequest(null, Object(Config\Cache), false)
 7 FCPATH\index.php(79): CodeIgniter\CodeIgniter->run()
ERROR - 2024-02-26 05:13:49 --> Error connecting to the database: mysqli_sql_exception: No se puede establecer una conexión ya que el equipo de destino denegó expresamente dicha conexión in C:\xampp\htdocs\ProyectoChucho\vendor\codeigniter4\framework\system\Database\MySQLi\Connection.php:184
Stack trace:
#0 C:\xampp\htdocs\ProyectoChucho\vendor\codeigniter4\framework\system\Database\MySQLi\Connection.php(184): mysqli->real_connect('localhost', 'root', Object(SensitiveParameterValue), 'ProyectoChucho', 8888, '', 0)
#1 C:\xampp\htdocs\ProyectoChucho\vendor\codeigniter4\framework\system\Database\BaseConnection.php(392): CodeIgniter\Database\MySQLi\Connection->connect(false)
#2 C:\xampp\htdocs\ProyectoChucho\vendor\codeigniter4\framework\system\Database\BaseConnection.php(575): CodeIgniter\Database\BaseConnection->initialize()
#3 C:\xampp\htdocs\ProyectoChucho\vendor\codeigniter4\framework\system\Model.php(868): CodeIgniter\Database\BaseConnection->query('CALL InsertarIm...')
#4 C:\xampp\htdocs\ProyectoChucho\app\Controllers\Cine.php(40): CodeIgniter\Model->__call('query', Array)
#5 C:\xampp\htdocs\ProyectoChucho\vendor\codeigniter4\framework\system\CodeIgniter.php(941): App\Controllers\Cine->insertarPelicula()
#6 C:\xampp\htdocs\ProyectoChucho\vendor\codeigniter4\framework\system\CodeIgniter.php(502): CodeIgniter\CodeIgniter->runController(Object(App\Controllers\Cine))
#7 C:\xampp\htdocs\ProyectoChucho\vendor\codeigniter4\framework\system\CodeIgniter.php(361): CodeIgniter\CodeIgniter->handleRequest(NULL, Object(Config\Cache), false)
#8 C:\xampp\htdocs\ProyectoChucho\public\index.php(79): CodeIgniter\CodeIgniter->run()
#9 {main}

Next CodeIgniter\Database\Exceptions\DatabaseException: No se puede establecer una conexión ya que el equipo de destino denegó expresamente dicha conexión in C:\xampp\htdocs\ProyectoChucho\vendor\codeigniter4\framework\system\Database\MySQLi\Connection.php:229
Stack trace:
#0 C:\xampp\htdocs\ProyectoChucho\vendor\codeigniter4\framework\system\Database\BaseConnection.php(392): CodeIgniter\Database\MySQLi\Connection->connect(false)
#1 C:\xampp\htdocs\ProyectoChucho\vendor\codeigniter4\framework\system\Database\BaseConnection.php(575): CodeIgniter\Database\BaseConnection->initialize()
#2 C:\xampp\htdocs\ProyectoChucho\vendor\codeigniter4\framework\system\Model.php(868): CodeIgniter\Database\BaseConnection->query('CALL InsertarIm...')
#3 C:\xampp\htdocs\ProyectoChucho\app\Controllers\Cine.php(40): CodeIgniter\Model->__call('query', Array)
#4 C:\xampp\htdocs\ProyectoChucho\vendor\codeigniter4\framework\system\CodeIgniter.php(941): App\Controllers\Cine->insertarPelicula()
#5 C:\xampp\htdocs\ProyectoChucho\vendor\codeigniter4\framework\system\CodeIgniter.php(502): CodeIgniter\CodeIgniter->runController(Object(App\Controllers\Cine))
#6 C:\xampp\htdocs\ProyectoChucho\vendor\codeigniter4\framework\system\CodeIgniter.php(361): CodeIgniter\CodeIgniter->handleRequest(NULL, Object(Config\Cache), false)
#7 C:\xampp\htdocs\ProyectoChucho\public\index.php(79): CodeIgniter\CodeIgniter->run()
#8 {main}
CRITICAL - 2024-02-26 05:13:49 --> CodeIgniter\Database\Exceptions\DatabaseException: Unable to connect to the database.
Main connection [MySQLi]: No se puede establecer una conexión ya que el equipo de destino denegó expresamente dicha conexión
in SYSTEMPATH\Database\BaseConnection.php on line 428.
 1 SYSTEMPATH\Database\BaseConnection.php(575): CodeIgniter\Database\BaseConnection->initialize()
 2 SYSTEMPATH\Model.php(868): CodeIgniter\Database\BaseConnection->query('CALL InsertarImagen(\'Demon Slayer\', \'"C:\\xampp\\htdocs\\ProyectoChucho\\public\\resources\\tren_infinito.jpg"\')')
 3 APPPATH\Controllers\Cine.php(40): CodeIgniter\Model->__call('query', [...])
 4 SYSTEMPATH\CodeIgniter.php(941): App\Controllers\Cine->insertarPelicula()
 5 SYSTEMPATH\CodeIgniter.php(502): CodeIgniter\CodeIgniter->runController(Object(App\Controllers\Cine))
 6 SYSTEMPATH\CodeIgniter.php(361): CodeIgniter\CodeIgniter->handleRequest(null, Object(Config\Cache), false)
 7 FCPATH\index.php(79): CodeIgniter\CodeIgniter->run()
ERROR - 2024-02-26 05:18:18 --> Error connecting to the database: mysqli_sql_exception: No se puede establecer una conexión ya que el equipo de destino denegó expresamente dicha conexión in C:\xampp\htdocs\ProyectoChucho\vendor\codeigniter4\framework\system\Database\MySQLi\Connection.php:184
Stack trace:
#0 C:\xampp\htdocs\ProyectoChucho\vendor\codeigniter4\framework\system\Database\MySQLi\Connection.php(184): mysqli->real_connect('localhost', 'root', Object(SensitiveParameterValue), 'ProyectoChucho', 8888, '', 0)
#1 C:\xampp\htdocs\ProyectoChucho\vendor\codeigniter4\framework\system\Database\BaseConnection.php(392): CodeIgniter\Database\MySQLi\Connection->connect(false)
#2 C:\xampp\htdocs\ProyectoChucho\vendor\codeigniter4\framework\system\Database\BaseConnection.php(575): CodeIgniter\Database\BaseConnection->initialize()
#3 C:\xampp\htdocs\ProyectoChucho\vendor\codeigniter4\framework\system\Model.php(868): CodeIgniter\Database\BaseConnection->query('CALL InsertarIm...')
#4 C:\xampp\htdocs\ProyectoChucho\app\Controllers\Cine.php(40): CodeIgniter\Model->__call('query', Array)
#5 C:\xampp\htdocs\ProyectoChucho\vendor\codeigniter4\framework\system\CodeIgniter.php(941): App\Controllers\Cine->insertarPelicula()
#6 C:\xampp\htdocs\ProyectoChucho\vendor\codeigniter4\framework\system\CodeIgniter.php(502): CodeIgniter\CodeIgniter->runController(Object(App\Controllers\Cine))
#7 C:\xampp\htdocs\ProyectoChucho\vendor\codeigniter4\framework\system\CodeIgniter.php(361): CodeIgniter\CodeIgniter->handleRequest(NULL, Object(Config\Cache), false)
#8 C:\xampp\htdocs\ProyectoChucho\public\index.php(79): CodeIgniter\CodeIgniter->run()
#9 {main}

Next CodeIgniter\Database\Exceptions\DatabaseException: No se puede establecer una conexión ya que el equipo de destino denegó expresamente dicha conexión in C:\xampp\htdocs\ProyectoChucho\vendor\codeigniter4\framework\system\Database\MySQLi\Connection.php:229
Stack trace:
#0 C:\xampp\htdocs\ProyectoChucho\vendor\codeigniter4\framework\system\Database\BaseConnection.php(392): CodeIgniter\Database\MySQLi\Connection->connect(false)
#1 C:\xampp\htdocs\ProyectoChucho\vendor\codeigniter4\framework\system\Database\BaseConnection.php(575): CodeIgniter\Database\BaseConnection->initialize()
#2 C:\xampp\htdocs\ProyectoChucho\vendor\codeigniter4\framework\system\Model.php(868): CodeIgniter\Database\BaseConnection->query('CALL InsertarIm...')
#3 C:\xampp\htdocs\ProyectoChucho\app\Controllers\Cine.php(40): CodeIgniter\Model->__call('query', Array)
#4 C:\xampp\htdocs\ProyectoChucho\vendor\codeigniter4\framework\system\CodeIgniter.php(941): App\Controllers\Cine->insertarPelicula()
#5 C:\xampp\htdocs\ProyectoChucho\vendor\codeigniter4\framework\system\CodeIgniter.php(502): CodeIgniter\CodeIgniter->runController(Object(App\Controllers\Cine))
#6 C:\xampp\htdocs\ProyectoChucho\vendor\codeigniter4\framework\system\CodeIgniter.php(361): CodeIgniter\CodeIgniter->handleRequest(NULL, Object(Config\Cache), false)
#7 C:\xampp\htdocs\ProyectoChucho\public\index.php(79): CodeIgniter\CodeIgniter->run()
#8 {main}
CRITICAL - 2024-02-26 05:18:18 --> CodeIgniter\Database\Exceptions\DatabaseException: Unable to connect to the database.
Main connection [MySQLi]: No se puede establecer una conexión ya que el equipo de destino denegó expresamente dicha conexión
in SYSTEMPATH\Database\BaseConnection.php on line 428.
 1 SYSTEMPATH\Database\BaseConnection.php(575): CodeIgniter\Database\BaseConnection->initialize()
 2 SYSTEMPATH\Model.php(868): CodeIgniter\Database\BaseConnection->query('CALL InsertarImagen(\'Demon Slayer\', \'"C:\\xampp\\htdocs\\ProyectoChucho\\public\\resources\\tren_infinito.jpg"\')')
 3 APPPATH\Controllers\Cine.php(40): CodeIgniter\Model->__call('query', [...])
 4 SYSTEMPATH\CodeIgniter.php(941): App\Controllers\Cine->insertarPelicula()
 5 SYSTEMPATH\CodeIgniter.php(502): CodeIgniter\CodeIgniter->runController(Object(App\Controllers\Cine))
 6 SYSTEMPATH\CodeIgniter.php(361): CodeIgniter\CodeIgniter->handleRequest(null, Object(Config\Cache), false)
 7 FCPATH\index.php(79): CodeIgniter\CodeIgniter->run()
ERROR - 2024-02-26 05:18:48 --> Error connecting to the database: mysqli_sql_exception: No se puede establecer una conexión ya que el equipo de destino denegó expresamente dicha conexión in C:\xampp\htdocs\ProyectoChucho\vendor\codeigniter4\framework\system\Database\MySQLi\Connection.php:184
Stack trace:
#0 C:\xampp\htdocs\ProyectoChucho\vendor\codeigniter4\framework\system\Database\MySQLi\Connection.php(184): mysqli->real_connect('localhost', 'root', Object(SensitiveParameterValue), 'ProyectoChucho', 8888, '', 0)
#1 C:\xampp\htdocs\ProyectoChucho\vendor\codeigniter4\framework\system\Database\BaseConnection.php(392): CodeIgniter\Database\MySQLi\Connection->connect(false)
#2 C:\xampp\htdocs\ProyectoChucho\vendor\codeigniter4\framework\system\Database\BaseConnection.php(575): CodeIgniter\Database\BaseConnection->initialize()
#3 C:\xampp\htdocs\ProyectoChucho\vendor\codeigniter4\framework\system\Model.php(868): CodeIgniter\Database\BaseConnection->query('CALL InsertarVe...')
#4 C:\xampp\htdocs\ProyectoChucho\app\Controllers\Cine.php(28): CodeIgniter\Model->__call('query', Array)
#5 C:\xampp\htdocs\ProyectoChucho\vendor\codeigniter4\framework\system\CodeIgniter.php(941): App\Controllers\Cine->insertarVenta()
#6 C:\xampp\htdocs\ProyectoChucho\vendor\codeigniter4\framework\system\CodeIgniter.php(502): CodeIgniter\CodeIgniter->runController(Object(App\Controllers\Cine))
#7 C:\xampp\htdocs\ProyectoChucho\vendor\codeigniter4\framework\system\CodeIgniter.php(361): CodeIgniter\CodeIgniter->handleRequest(NULL, Object(Config\Cache), false)
#8 C:\xampp\htdocs\ProyectoChucho\public\index.php(79): CodeIgniter\CodeIgniter->run()
#9 {main}

Next CodeIgniter\Database\Exceptions\DatabaseException: No se puede establecer una conexión ya que el equipo de destino denegó expresamente dicha conexión in C:\xampp\htdocs\ProyectoChucho\vendor\codeigniter4\framework\system\Database\MySQLi\Connection.php:229
Stack trace:
#0 C:\xampp\htdocs\ProyectoChucho\vendor\codeigniter4\framework\system\Database\BaseConnection.php(392): CodeIgniter\Database\MySQLi\Connection->connect(false)
#1 C:\xampp\htdocs\ProyectoChucho\vendor\codeigniter4\framework\system\Database\BaseConnection.php(575): CodeIgniter\Database\BaseConnection->initialize()
#2 C:\xampp\htdocs\ProyectoChucho\vendor\codeigniter4\framework\system\Model.php(868): CodeIgniter\Database\BaseConnection->query('CALL InsertarVe...')
#3 C:\xampp\htdocs\ProyectoChucho\app\Controllers\Cine.php(28): CodeIgniter\Model->__call('query', Array)
#4 C:\xampp\htdocs\ProyectoChucho\vendor\codeigniter4\framework\system\CodeIgniter.php(941): App\Controllers\Cine->insertarVenta()
#5 C:\xampp\htdocs\ProyectoChucho\vendor\codeigniter4\framework\system\CodeIgniter.php(502): CodeIgniter\CodeIgniter->runController(Object(App\Controllers\Cine))
#6 C:\xampp\htdocs\ProyectoChucho\vendor\codeigniter4\framework\system\CodeIgniter.php(361): CodeIgniter\CodeIgniter->handleRequest(NULL, Object(Config\Cache), false)
#7 C:\xampp\htdocs\ProyectoChucho\public\index.php(79): CodeIgniter\CodeIgniter->run()
#8 {main}
CRITICAL - 2024-02-26 05:18:48 --> CodeIgniter\Database\Exceptions\DatabaseException: Unable to connect to the database.
Main connection [MySQLi]: No se puede establecer una conexión ya que el equipo de destino denegó expresamente dicha conexión
in SYSTEMPATH\Database\BaseConnection.php on line 428.
 1 SYSTEMPATH\Database\BaseConnection.php(575): CodeIgniter\Database\BaseConnection->initialize()
 2 SYSTEMPATH\Model.php(868): CodeIgniter\Database\BaseConnection->query('CALL InsertarVenta(9, 5, 1)')
 3 APPPATH\Controllers\Cine.php(28): CodeIgniter\Model->__call('query', [...])
 4 SYSTEMPATH\CodeIgniter.php(941): App\Controllers\Cine->insertarVenta()
 5 SYSTEMPATH\CodeIgniter.php(502): CodeIgniter\CodeIgniter->runController(Object(App\Controllers\Cine))
 6 SYSTEMPATH\CodeIgniter.php(361): CodeIgniter\CodeIgniter->handleRequest(null, Object(Config\Cache), false)
 7 FCPATH\index.php(79): CodeIgniter\CodeIgniter->run()
