CRITICAL - 2024-02-24 21:59:50 --> ErrorException: Undefined variable $nombre
in APPPATH/Views/cartelera.php on line 80.
 1 APPPATH/Views/cartelera.php(80): CodeIgniter\Debug\Exceptions->errorHandler(2, 'Undefined variable $nombre', '/Applications/MAMP/htdocs/Proyecto/app/Views/cartelera.php', 80)
 2 SYSTEMPATH/View/View.php(228): include('/Applications/MAMP/htdocs/Proyecto/app/Views/cartelera.php')
 3 SYSTEMPATH/View/View.php(231): CodeIgniter\View\View->CodeIgniter\View\{closure}()
 4 SYSTEMPATH/Common.php(1178): CodeIgniter\View\View->render('cartelera', [], true)
 5 APPPATH/Controllers/Cine.php(12): view('cartelera')
 6 SYSTEMPATH/CodeIgniter.php(941): App\Controllers\Cine->cartelera()
 7 SYSTEMPATH/CodeIgniter.php(502): CodeIgniter\CodeIgniter->runController(Object(App\Controllers\Cine))
 8 SYSTEMPATH/CodeIgniter.php(361): CodeIgniter\CodeIgniter->handleRequest(null, Object(Config\Cache), false)
 9 FCPATH/index.php(79): CodeIgniter\CodeIgniter->run()
CRITICAL - 2024-02-24 21:59:52 --> ErrorException: Undefined variable $nombre
in APPPATH/Views/cartelera.php on line 80.
 1 APPPATH/Views/cartelera.php(80): CodeIgniter\Debug\Exceptions->errorHandler(2, 'Undefined variable $nombre', '/Applications/MAMP/htdocs/Proyecto/app/Views/cartelera.php', 80)
 2 SYSTEMPATH/View/View.php(228): include('/Applications/MAMP/htdocs/Proyecto/app/Views/cartelera.php')
 3 SYSTEMPATH/View/View.php(231): CodeIgniter\View\View->CodeIgniter\View\{closure}()
 4 SYSTEMPATH/Common.php(1178): CodeIgniter\View\View->render('cartelera', [], true)
 5 APPPATH/Controllers/Cine.php(12): view('cartelera')
 6 SYSTEMPATH/CodeIgniter.php(941): App\Controllers\Cine->cartelera()
 7 SYSTEMPATH/CodeIgniter.php(502): CodeIgniter\CodeIgniter->runController(Object(App\Controllers\Cine))
 8 SYSTEMPATH/CodeIgniter.php(361): CodeIgniter\CodeIgniter->handleRequest(null, Object(Config\Cache), false)
 9 FCPATH/index.php(79): CodeIgniter\CodeIgniter->run()
CRITICAL - 2024-02-24 22:00:06 --> ErrorException: Undefined variable $nombre
in APPPATH/Views/cartelera.php on line 80.
 1 APPPATH/Views/cartelera.php(80): CodeIgniter\Debug\Exceptions->errorHandler(2, 'Undefined variable $nombre', '/Applications/MAMP/htdocs/Proyecto/app/Views/cartelera.php', 80)
 2 SYSTEMPATH/View/View.php(228): include('/Applications/MAMP/htdocs/Proyecto/app/Views/cartelera.php')
 3 SYSTEMPATH/View/View.php(231): CodeIgniter\View\View->CodeIgniter\View\{closure}()
 4 SYSTEMPATH/Common.php(1178): CodeIgniter\View\View->render('cartelera', [], true)
 5 APPPATH/Controllers/Cine.php(12): view('cartelera')
 6 SYSTEMPATH/CodeIgniter.php(941): App\Controllers\Cine->cartelera()
 7 SYSTEMPATH/CodeIgniter.php(502): CodeIgniter\CodeIgniter->runController(Object(App\Controllers\Cine))
 8 SYSTEMPATH/CodeIgniter.php(361): CodeIgniter\CodeIgniter->handleRequest(null, Object(Config\Cache), false)
 9 FCPATH/index.php(79): CodeIgniter\CodeIgniter->run()
CRITICAL - 2024-02-24 22:00:08 --> ErrorException: Undefined variable $nombre
in APPPATH/Views/cartelera.php on line 80.
 1 APPPATH/Views/cartelera.php(80): CodeIgniter\Debug\Exceptions->errorHandler(2, 'Undefined variable $nombre', '/Applications/MAMP/htdocs/Proyecto/app/Views/cartelera.php', 80)
 2 SYSTEMPATH/View/View.php(228): include('/Applications/MAMP/htdocs/Proyecto/app/Views/cartelera.php')
 3 SYSTEMPATH/View/View.php(231): CodeIgniter\View\View->CodeIgniter\View\{closure}()
 4 SYSTEMPATH/Common.php(1178): CodeIgniter\View\View->render('cartelera', [], true)
 5 APPPATH/Controllers/Cine.php(12): view('cartelera')
 6 SYSTEMPATH/CodeIgniter.php(941): App\Controllers\Cine->cartelera()
 7 SYSTEMPATH/CodeIgniter.php(502): CodeIgniter\CodeIgniter->runController(Object(App\Controllers\Cine))
 8 SYSTEMPATH/CodeIgniter.php(361): CodeIgniter\CodeIgniter->handleRequest(null, Object(Config\Cache), false)
 9 FCPATH/index.php(79): CodeIgniter\CodeIgniter->run()
CRITICAL - 2024-02-24 22:00:43 --> ErrorException: Undefined variable $nombre
in APPPATH/Views/cartelera.php on line 80.
 1 APPPATH/Views/cartelera.php(80): CodeIgniter\Debug\Exceptions->errorHandler(2, 'Undefined variable $nombre', '/Applications/MAMP/htdocs/Proyecto/app/Views/cartelera.php', 80)
 2 SYSTEMPATH/View/View.php(228): include('/Applications/MAMP/htdocs/Proyecto/app/Views/cartelera.php')
 3 SYSTEMPATH/View/View.php(231): CodeIgniter\View\View->CodeIgniter\View\{closure}()
 4 SYSTEMPATH/Common.php(1178): CodeIgniter\View\View->render('cartelera', [], true)
 5 APPPATH/Controllers/Cine.php(12): view('cartelera')
 6 SYSTEMPATH/CodeIgniter.php(941): App\Controllers\Cine->cartelera()
 7 SYSTEMPATH/CodeIgniter.php(502): CodeIgniter\CodeIgniter->runController(Object(App\Controllers\Cine))
 8 SYSTEMPATH/CodeIgniter.php(361): CodeIgniter\CodeIgniter->handleRequest(null, Object(Config\Cache), false)
 9 FCPATH/index.php(79): CodeIgniter\CodeIgniter->run()
CRITICAL - 2024-02-24 22:00:46 --> ErrorException: Undefined variable $nombre
in APPPATH/Views/cartelera.php on line 80.
 1 APPPATH/Views/cartelera.php(80): CodeIgniter\Debug\Exceptions->errorHandler(2, 'Undefined variable $nombre', '/Applications/MAMP/htdocs/Proyecto/app/Views/cartelera.php', 80)
 2 SYSTEMPATH/View/View.php(228): include('/Applications/MAMP/htdocs/Proyecto/app/Views/cartelera.php')
 3 SYSTEMPATH/View/View.php(231): CodeIgniter\View\View->CodeIgniter\View\{closure}()
 4 SYSTEMPATH/Common.php(1178): CodeIgniter\View\View->render('cartelera', [], true)
 5 APPPATH/Controllers/Cine.php(12): view('cartelera')
 6 SYSTEMPATH/CodeIgniter.php(941): App\Controllers\Cine->cartelera()
 7 SYSTEMPATH/CodeIgniter.php(502): CodeIgniter\CodeIgniter->runController(Object(App\Controllers\Cine))
 8 SYSTEMPATH/CodeIgniter.php(361): CodeIgniter\CodeIgniter->handleRequest(null, Object(Config\Cache), false)
 9 FCPATH/index.php(79): CodeIgniter\CodeIgniter->run()
CRITICAL - 2024-02-24 22:00:49 --> ErrorException: Undefined variable $nombre
in APPPATH/Views/cartelera.php on line 80.
 1 APPPATH/Views/cartelera.php(80): CodeIgniter\Debug\Exceptions->errorHandler(2, 'Undefined variable $nombre', '/Applications/MAMP/htdocs/Proyecto/app/Views/cartelera.php', 80)
 2 SYSTEMPATH/View/View.php(228): include('/Applications/MAMP/htdocs/Proyecto/app/Views/cartelera.php')
 3 SYSTEMPATH/View/View.php(231): CodeIgniter\View\View->CodeIgniter\View\{closure}()
 4 SYSTEMPATH/Common.php(1178): CodeIgniter\View\View->render('cartelera', [], true)
 5 APPPATH/Controllers/Cine.php(12): view('cartelera')
 6 SYSTEMPATH/CodeIgniter.php(941): App\Controllers\Cine->cartelera()
 7 SYSTEMPATH/CodeIgniter.php(502): CodeIgniter\CodeIgniter->runController(Object(App\Controllers\Cine))
 8 SYSTEMPATH/CodeIgniter.php(361): CodeIgniter\CodeIgniter->handleRequest(null, Object(Config\Cache), false)
 9 FCPATH/index.php(79): CodeIgniter\CodeIgniter->run()
CRITICAL - 2024-02-24 22:00:51 --> ErrorException: Undefined variable $nombre
in APPPATH/Views/cartelera.php on line 80.
 1 APPPATH/Views/cartelera.php(80): CodeIgniter\Debug\Exceptions->errorHandler(2, 'Undefined variable $nombre', '/Applications/MAMP/htdocs/Proyecto/app/Views/cartelera.php', 80)
 2 SYSTEMPATH/View/View.php(228): include('/Applications/MAMP/htdocs/Proyecto/app/Views/cartelera.php')
 3 SYSTEMPATH/View/View.php(231): CodeIgniter\View\View->CodeIgniter\View\{closure}()
 4 SYSTEMPATH/Common.php(1178): CodeIgniter\View\View->render('cartelera', [], true)
 5 APPPATH/Controllers/Cine.php(12): view('cartelera')
 6 SYSTEMPATH/CodeIgniter.php(941): App\Controllers\Cine->cartelera()
 7 SYSTEMPATH/CodeIgniter.php(502): CodeIgniter\CodeIgniter->runController(Object(App\Controllers\Cine))
 8 SYSTEMPATH/CodeIgniter.php(361): CodeIgniter\CodeIgniter->handleRequest(null, Object(Config\Cache), false)
 9 FCPATH/index.php(79): CodeIgniter\CodeIgniter->run()
CRITICAL - 2024-02-24 22:00:52 --> ErrorException: Undefined variable $nombre
in APPPATH/Views/cartelera.php on line 80.
 1 APPPATH/Views/cartelera.php(80): CodeIgniter\Debug\Exceptions->errorHandler(2, 'Undefined variable $nombre', '/Applications/MAMP/htdocs/Proyecto/app/Views/cartelera.php', 80)
 2 SYSTEMPATH/View/View.php(228): include('/Applications/MAMP/htdocs/Proyecto/app/Views/cartelera.php')
 3 SYSTEMPATH/View/View.php(231): CodeIgniter\View\View->CodeIgniter\View\{closure}()
 4 SYSTEMPATH/Common.php(1178): CodeIgniter\View\View->render('cartelera', [], true)
 5 APPPATH/Controllers/Cine.php(12): view('cartelera')
 6 SYSTEMPATH/CodeIgniter.php(941): App\Controllers\Cine->cartelera()
 7 SYSTEMPATH/CodeIgniter.php(502): CodeIgniter\CodeIgniter->runController(Object(App\Controllers\Cine))
 8 SYSTEMPATH/CodeIgniter.php(361): CodeIgniter\CodeIgniter->handleRequest(null, Object(Config\Cache), false)
 9 FCPATH/index.php(79): CodeIgniter\CodeIgniter->run()
CRITICAL - 2024-02-24 22:00:52 --> ErrorException: Undefined variable $nombre
in APPPATH/Views/cartelera.php on line 80.
 1 APPPATH/Views/cartelera.php(80): CodeIgniter\Debug\Exceptions->errorHandler(2, 'Undefined variable $nombre', '/Applications/MAMP/htdocs/Proyecto/app/Views/cartelera.php', 80)
 2 SYSTEMPATH/View/View.php(228): include('/Applications/MAMP/htdocs/Proyecto/app/Views/cartelera.php')
 3 SYSTEMPATH/View/View.php(231): CodeIgniter\View\View->CodeIgniter\View\{closure}()
 4 SYSTEMPATH/Common.php(1178): CodeIgniter\View\View->render('cartelera', [], true)
 5 APPPATH/Controllers/Cine.php(12): view('cartelera')
 6 SYSTEMPATH/CodeIgniter.php(941): App\Controllers\Cine->cartelera()
 7 SYSTEMPATH/CodeIgniter.php(502): CodeIgniter\CodeIgniter->runController(Object(App\Controllers\Cine))
 8 SYSTEMPATH/CodeIgniter.php(361): CodeIgniter\CodeIgniter->handleRequest(null, Object(Config\Cache), false)
 9 FCPATH/index.php(79): CodeIgniter\CodeIgniter->run()
CRITICAL - 2024-02-24 22:00:53 --> ErrorException: Undefined variable $nombre
in APPPATH/Views/cartelera.php on line 80.
 1 APPPATH/Views/cartelera.php(80): CodeIgniter\Debug\Exceptions->errorHandler(2, 'Undefined variable $nombre', '/Applications/MAMP/htdocs/Proyecto/app/Views/cartelera.php', 80)
 2 SYSTEMPATH/View/View.php(228): include('/Applications/MAMP/htdocs/Proyecto/app/Views/cartelera.php')
 3 SYSTEMPATH/View/View.php(231): CodeIgniter\View\View->CodeIgniter\View\{closure}()
 4 SYSTEMPATH/Common.php(1178): CodeIgniter\View\View->render('cartelera', [], true)
 5 APPPATH/Controllers/Cine.php(12): view('cartelera')
 6 SYSTEMPATH/CodeIgniter.php(941): App\Controllers\Cine->cartelera()
 7 SYSTEMPATH/CodeIgniter.php(502): CodeIgniter\CodeIgniter->runController(Object(App\Controllers\Cine))
 8 SYSTEMPATH/CodeIgniter.php(361): CodeIgniter\CodeIgniter->handleRequest(null, Object(Config\Cache), false)
 9 FCPATH/index.php(79): CodeIgniter\CodeIgniter->run()
CRITICAL - 2024-02-24 22:00:53 --> ErrorException: Undefined variable $nombre
in APPPATH/Views/cartelera.php on line 80.
 1 APPPATH/Views/cartelera.php(80): CodeIgniter\Debug\Exceptions->errorHandler(2, 'Undefined variable $nombre', '/Applications/MAMP/htdocs/Proyecto/app/Views/cartelera.php', 80)
 2 SYSTEMPATH/View/View.php(228): include('/Applications/MAMP/htdocs/Proyecto/app/Views/cartelera.php')
 3 SYSTEMPATH/View/View.php(231): CodeIgniter\View\View->CodeIgniter\View\{closure}()
 4 SYSTEMPATH/Common.php(1178): CodeIgniter\View\View->render('cartelera', [], true)
 5 APPPATH/Controllers/Cine.php(12): view('cartelera')
 6 SYSTEMPATH/CodeIgniter.php(941): App\Controllers\Cine->cartelera()
 7 SYSTEMPATH/CodeIgniter.php(502): CodeIgniter\CodeIgniter->runController(Object(App\Controllers\Cine))
 8 SYSTEMPATH/CodeIgniter.php(361): CodeIgniter\CodeIgniter->handleRequest(null, Object(Config\Cache), false)
 9 FCPATH/index.php(79): CodeIgniter\CodeIgniter->run()
CRITICAL - 2024-02-24 22:00:56 --> ErrorException: Undefined variable $nombre
in APPPATH/Views/cartelera.php on line 80.
 1 APPPATH/Views/cartelera.php(80): CodeIgniter\Debug\Exceptions->errorHandler(2, 'Undefined variable $nombre', '/Applications/MAMP/htdocs/Proyecto/app/Views/cartelera.php', 80)
 2 SYSTEMPATH/View/View.php(228): include('/Applications/MAMP/htdocs/Proyecto/app/Views/cartelera.php')
 3 SYSTEMPATH/View/View.php(231): CodeIgniter\View\View->CodeIgniter\View\{closure}()
 4 SYSTEMPATH/Common.php(1178): CodeIgniter\View\View->render('cartelera', [], true)
 5 APPPATH/Controllers/Cine.php(12): view('cartelera')
 6 SYSTEMPATH/CodeIgniter.php(941): App\Controllers\Cine->cartelera()
 7 SYSTEMPATH/CodeIgniter.php(502): CodeIgniter\CodeIgniter->runController(Object(App\Controllers\Cine))
 8 SYSTEMPATH/CodeIgniter.php(361): CodeIgniter\CodeIgniter->handleRequest(null, Object(Config\Cache), false)
 9 FCPATH/index.php(79): CodeIgniter\CodeIgniter->run()
CRITICAL - 2024-02-24 22:00:57 --> ErrorException: Undefined variable $nombre
in APPPATH/Views/cartelera.php on line 80.
 1 APPPATH/Views/cartelera.php(80): CodeIgniter\Debug\Exceptions->errorHandler(2, 'Undefined variable $nombre', '/Applications/MAMP/htdocs/Proyecto/app/Views/cartelera.php', 80)
 2 SYSTEMPATH/View/View.php(228): include('/Applications/MAMP/htdocs/Proyecto/app/Views/cartelera.php')
 3 SYSTEMPATH/View/View.php(231): CodeIgniter\View\View->CodeIgniter\View\{closure}()
 4 SYSTEMPATH/Common.php(1178): CodeIgniter\View\View->render('cartelera', [], true)
 5 APPPATH/Controllers/Cine.php(12): view('cartelera')
 6 SYSTEMPATH/CodeIgniter.php(941): App\Controllers\Cine->cartelera()
 7 SYSTEMPATH/CodeIgniter.php(502): CodeIgniter\CodeIgniter->runController(Object(App\Controllers\Cine))
 8 SYSTEMPATH/CodeIgniter.php(361): CodeIgniter\CodeIgniter->handleRequest(null, Object(Config\Cache), false)
 9 FCPATH/index.php(79): CodeIgniter\CodeIgniter->run()
CRITICAL - 2024-02-24 22:02:03 --> ErrorException: Undefined variable $nombre
in APPPATH/Views/cartelera.php on line 80.
 1 APPPATH/Views/cartelera.php(80): CodeIgniter\Debug\Exceptions->errorHandler(2, 'Undefined variable $nombre', '/Applications/MAMP/htdocs/Proyecto/app/Views/cartelera.php', 80)
 2 SYSTEMPATH/View/View.php(228): include('/Applications/MAMP/htdocs/Proyecto/app/Views/cartelera.php')
 3 SYSTEMPATH/View/View.php(231): CodeIgniter\View\View->CodeIgniter\View\{closure}()
 4 SYSTEMPATH/Common.php(1178): CodeIgniter\View\View->render('cartelera', [], true)
 5 APPPATH/Controllers/Cine.php(12): view('cartelera')
 6 SYSTEMPATH/CodeIgniter.php(941): App\Controllers\Cine->cartelera()
 7 SYSTEMPATH/CodeIgniter.php(502): CodeIgniter\CodeIgniter->runController(Object(App\Controllers\Cine))
 8 SYSTEMPATH/CodeIgniter.php(361): CodeIgniter\CodeIgniter->handleRequest(null, Object(Config\Cache), false)
 9 FCPATH/index.php(79): CodeIgniter\CodeIgniter->run()
CRITICAL - 2024-02-24 22:02:04 --> ErrorException: Undefined variable $nombre
in APPPATH/Views/cartelera.php on line 80.
 1 APPPATH/Views/cartelera.php(80): CodeIgniter\Debug\Exceptions->errorHandler(2, 'Undefined variable $nombre', '/Applications/MAMP/htdocs/Proyecto/app/Views/cartelera.php', 80)
 2 SYSTEMPATH/View/View.php(228): include('/Applications/MAMP/htdocs/Proyecto/app/Views/cartelera.php')
 3 SYSTEMPATH/View/View.php(231): CodeIgniter\View\View->CodeIgniter\View\{closure}()
 4 SYSTEMPATH/Common.php(1178): CodeIgniter\View\View->render('cartelera', [], true)
 5 APPPATH/Controllers/Cine.php(12): view('cartelera')
 6 SYSTEMPATH/CodeIgniter.php(941): App\Controllers\Cine->cartelera()
 7 SYSTEMPATH/CodeIgniter.php(502): CodeIgniter\CodeIgniter->runController(Object(App\Controllers\Cine))
 8 SYSTEMPATH/CodeIgniter.php(361): CodeIgniter\CodeIgniter->handleRequest(null, Object(Config\Cache), false)
 9 FCPATH/index.php(79): CodeIgniter\CodeIgniter->run()
CRITICAL - 2024-02-24 22:02:12 --> ErrorException: Undefined variable $nombre
in APPPATH/Views/cartelera.php on line 80.
 1 APPPATH/Views/cartelera.php(80): CodeIgniter\Debug\Exceptions->errorHandler(2, 'Undefined variable $nombre', '/Applications/MAMP/htdocs/Proyecto/app/Views/cartelera.php', 80)
 2 SYSTEMPATH/View/View.php(228): include('/Applications/MAMP/htdocs/Proyecto/app/Views/cartelera.php')
 3 SYSTEMPATH/View/View.php(231): CodeIgniter\View\View->CodeIgniter\View\{closure}()
 4 SYSTEMPATH/Common.php(1178): CodeIgniter\View\View->render('cartelera', [], true)
 5 APPPATH/Controllers/Cine.php(12): view('cartelera')
 6 SYSTEMPATH/CodeIgniter.php(941): App\Controllers\Cine->cartelera()
 7 SYSTEMPATH/CodeIgniter.php(502): CodeIgniter\CodeIgniter->runController(Object(App\Controllers\Cine))
 8 SYSTEMPATH/CodeIgniter.php(361): CodeIgniter\CodeIgniter->handleRequest(null, Object(Config\Cache), false)
 9 FCPATH/index.php(79): CodeIgniter\CodeIgniter->run()
CRITICAL - 2024-02-24 22:02:14 --> ErrorException: Undefined variable $nombre
in APPPATH/Views/cartelera.php on line 80.
 1 APPPATH/Views/cartelera.php(80): CodeIgniter\Debug\Exceptions->errorHandler(2, 'Undefined variable $nombre', '/Applications/MAMP/htdocs/Proyecto/app/Views/cartelera.php', 80)
 2 SYSTEMPATH/View/View.php(228): include('/Applications/MAMP/htdocs/Proyecto/app/Views/cartelera.php')
 3 SYSTEMPATH/View/View.php(231): CodeIgniter\View\View->CodeIgniter\View\{closure}()
 4 SYSTEMPATH/Common.php(1178): CodeIgniter\View\View->render('cartelera', [], true)
 5 APPPATH/Controllers/Cine.php(12): view('cartelera')
 6 SYSTEMPATH/CodeIgniter.php(941): App\Controllers\Cine->cartelera()
 7 SYSTEMPATH/CodeIgniter.php(502): CodeIgniter\CodeIgniter->runController(Object(App\Controllers\Cine))
 8 SYSTEMPATH/CodeIgniter.php(361): CodeIgniter\CodeIgniter->handleRequest(null, Object(Config\Cache), false)
 9 FCPATH/index.php(79): CodeIgniter\CodeIgniter->run()
CRITICAL - 2024-02-24 22:03:12 --> ErrorException: Undefined variable $nombre
in APPPATH/Views/cartelera.php on line 81.
 1 APPPATH/Views/cartelera.php(81): CodeIgniter\Debug\Exceptions->errorHandler(2, 'Undefined variable $nombre', '/Applications/MAMP/htdocs/Proyecto/app/Views/cartelera.php', 81)
 2 SYSTEMPATH/View/View.php(228): include('/Applications/MAMP/htdocs/Proyecto/app/Views/cartelera.php')
 3 SYSTEMPATH/View/View.php(231): CodeIgniter\View\View->CodeIgniter\View\{closure}()
 4 SYSTEMPATH/Common.php(1178): CodeIgniter\View\View->render('cartelera', [], true)
 5 APPPATH/Controllers/Cine.php(12): view('cartelera')
 6 SYSTEMPATH/CodeIgniter.php(941): App\Controllers\Cine->cartelera()
 7 SYSTEMPATH/CodeIgniter.php(502): CodeIgniter\CodeIgniter->runController(Object(App\Controllers\Cine))
 8 SYSTEMPATH/CodeIgniter.php(361): CodeIgniter\CodeIgniter->handleRequest(null, Object(Config\Cache), false)
 9 FCPATH/index.php(79): CodeIgniter\CodeIgniter->run()
CRITICAL - 2024-02-24 22:14:37 --> ErrorException: Undefined variable $nombre
in APPPATH/Views/cartelera.php on line 82.
 1 APPPATH/Views/cartelera.php(82): CodeIgniter\Debug\Exceptions->errorHandler(2, 'Undefined variable $nombre', '/Applications/MAMP/htdocs/Proyecto/app/Views/cartelera.php', 82)
 2 SYSTEMPATH/View/View.php(228): include('/Applications/MAMP/htdocs/Proyecto/app/Views/cartelera.php')
 3 SYSTEMPATH/View/View.php(231): CodeIgniter\View\View->CodeIgniter\View\{closure}()
 4 SYSTEMPATH/Common.php(1178): CodeIgniter\View\View->render('cartelera', [], true)
 5 APPPATH/Controllers/Cine.php(12): view('cartelera')
 6 SYSTEMPATH/CodeIgniter.php(941): App\Controllers\Cine->cartelera()
 7 SYSTEMPATH/CodeIgniter.php(502): CodeIgniter\CodeIgniter->runController(Object(App\Controllers\Cine))
 8 SYSTEMPATH/CodeIgniter.php(361): CodeIgniter\CodeIgniter->handleRequest(null, Object(Config\Cache), false)
 9 FCPATH/index.php(79): CodeIgniter\CodeIgniter->run()
CRITICAL - 2024-02-24 22:14:39 --> ErrorException: Undefined variable $nombre
in APPPATH/Views/cartelera.php on line 82.
 1 APPPATH/Views/cartelera.php(82): CodeIgniter\Debug\Exceptions->errorHandler(2, 'Undefined variable $nombre', '/Applications/MAMP/htdocs/Proyecto/app/Views/cartelera.php', 82)
 2 SYSTEMPATH/View/View.php(228): include('/Applications/MAMP/htdocs/Proyecto/app/Views/cartelera.php')
 3 SYSTEMPATH/View/View.php(231): CodeIgniter\View\View->CodeIgniter\View\{closure}()
 4 SYSTEMPATH/Common.php(1178): CodeIgniter\View\View->render('cartelera', [], true)
 5 APPPATH/Controllers/Cine.php(12): view('cartelera')
 6 SYSTEMPATH/CodeIgniter.php(941): App\Controllers\Cine->cartelera()
 7 SYSTEMPATH/CodeIgniter.php(502): CodeIgniter\CodeIgniter->runController(Object(App\Controllers\Cine))
 8 SYSTEMPATH/CodeIgniter.php(361): CodeIgniter\CodeIgniter->handleRequest(null, Object(Config\Cache), false)
 9 FCPATH/index.php(79): CodeIgniter\CodeIgniter->run()
CRITICAL - 2024-02-24 22:14:48 --> ErrorException: Undefined variable $nombre
in APPPATH/Views/cartelera.php on line 82.
 1 APPPATH/Views/cartelera.php(82): CodeIgniter\Debug\Exceptions->errorHandler(2, 'Undefined variable $nombre', '/Applications/MAMP/htdocs/Proyecto/app/Views/cartelera.php', 82)
 2 SYSTEMPATH/View/View.php(228): include('/Applications/MAMP/htdocs/Proyecto/app/Views/cartelera.php')
 3 SYSTEMPATH/View/View.php(231): CodeIgniter\View\View->CodeIgniter\View\{closure}()
 4 SYSTEMPATH/Common.php(1178): CodeIgniter\View\View->render('cartelera', [], true)
 5 APPPATH/Controllers/Cine.php(12): view('cartelera')
 6 SYSTEMPATH/CodeIgniter.php(941): App\Controllers\Cine->cartelera()
 7 SYSTEMPATH/CodeIgniter.php(502): CodeIgniter\CodeIgniter->runController(Object(App\Controllers\Cine))
 8 SYSTEMPATH/CodeIgniter.php(361): CodeIgniter\CodeIgniter->handleRequest(null, Object(Config\Cache), false)
 9 FCPATH/index.php(79): CodeIgniter\CodeIgniter->run()
CRITICAL - 2024-02-24 22:22:37 --> ErrorException: Undefined variable $nombre
in APPPATH/Views/cartelera.php on line 82.
 1 APPPATH/Views/cartelera.php(82): CodeIgniter\Debug\Exceptions->errorHandler(2, 'Undefined variable $nombre', '/Applications/MAMP/htdocs/Proyecto/app/Views/cartelera.php', 82)
 2 SYSTEMPATH/View/View.php(228): include('/Applications/MAMP/htdocs/Proyecto/app/Views/cartelera.php')
 3 SYSTEMPATH/View/View.php(231): CodeIgniter\View\View->CodeIgniter\View\{closure}()
 4 SYSTEMPATH/Common.php(1178): CodeIgniter\View\View->render('cartelera', [], true)
 5 APPPATH/Controllers/Cine.php(12): view('cartelera')
 6 SYSTEMPATH/CodeIgniter.php(941): App\Controllers\Cine->cartelera()
 7 SYSTEMPATH/CodeIgniter.php(502): CodeIgniter\CodeIgniter->runController(Object(App\Controllers\Cine))
 8 SYSTEMPATH/CodeIgniter.php(361): CodeIgniter\CodeIgniter->handleRequest(null, Object(Config\Cache), false)
 9 FCPATH/index.php(79): CodeIgniter\CodeIgniter->run()
CRITICAL - 2024-02-24 22:22:39 --> ErrorException: Undefined variable $nombre
in APPPATH/Views/cartelera.php on line 82.
 1 APPPATH/Views/cartelera.php(82): CodeIgniter\Debug\Exceptions->errorHandler(2, 'Undefined variable $nombre', '/Applications/MAMP/htdocs/Proyecto/app/Views/cartelera.php', 82)
 2 SYSTEMPATH/View/View.php(228): include('/Applications/MAMP/htdocs/Proyecto/app/Views/cartelera.php')
 3 SYSTEMPATH/View/View.php(231): CodeIgniter\View\View->CodeIgniter\View\{closure}()
 4 SYSTEMPATH/Common.php(1178): CodeIgniter\View\View->render('cartelera', [], true)
 5 APPPATH/Controllers/Cine.php(12): view('cartelera')
 6 SYSTEMPATH/CodeIgniter.php(941): App\Controllers\Cine->cartelera()
 7 SYSTEMPATH/CodeIgniter.php(502): CodeIgniter\CodeIgniter->runController(Object(App\Controllers\Cine))
 8 SYSTEMPATH/CodeIgniter.php(361): CodeIgniter\CodeIgniter->handleRequest(null, Object(Config\Cache), false)
 9 FCPATH/index.php(79): CodeIgniter\CodeIgniter->run()
CRITICAL - 2024-02-24 22:22:46 --> ErrorException: Undefined variable $nombre
in APPPATH/Views/cartelera.php on line 82.
 1 APPPATH/Views/cartelera.php(82): CodeIgniter\Debug\Exceptions->errorHandler(2, 'Undefined variable $nombre', '/Applications/MAMP/htdocs/Proyecto/app/Views/cartelera.php', 82)
 2 SYSTEMPATH/View/View.php(228): include('/Applications/MAMP/htdocs/Proyecto/app/Views/cartelera.php')
 3 SYSTEMPATH/View/View.php(231): CodeIgniter\View\View->CodeIgniter\View\{closure}()
 4 SYSTEMPATH/Common.php(1178): CodeIgniter\View\View->render('cartelera', [], true)
 5 APPPATH/Controllers/Cine.php(12): view('cartelera')
 6 SYSTEMPATH/CodeIgniter.php(941): App\Controllers\Cine->cartelera()
 7 SYSTEMPATH/CodeIgniter.php(502): CodeIgniter\CodeIgniter->runController(Object(App\Controllers\Cine))
 8 SYSTEMPATH/CodeIgniter.php(361): CodeIgniter\CodeIgniter->handleRequest(null, Object(Config\Cache), false)
 9 FCPATH/index.php(79): CodeIgniter\CodeIgniter->run()
CRITICAL - 2024-02-24 22:22:48 --> ErrorException: Undefined variable $nombre
in APPPATH/Views/cartelera.php on line 82.
 1 APPPATH/Views/cartelera.php(82): CodeIgniter\Debug\Exceptions->errorHandler(2, 'Undefined variable $nombre', '/Applications/MAMP/htdocs/Proyecto/app/Views/cartelera.php', 82)
 2 SYSTEMPATH/View/View.php(228): include('/Applications/MAMP/htdocs/Proyecto/app/Views/cartelera.php')
 3 SYSTEMPATH/View/View.php(231): CodeIgniter\View\View->CodeIgniter\View\{closure}()
 4 SYSTEMPATH/Common.php(1178): CodeIgniter\View\View->render('cartelera', [], true)
 5 APPPATH/Controllers/Cine.php(12): view('cartelera')
 6 SYSTEMPATH/CodeIgniter.php(941): App\Controllers\Cine->cartelera()
 7 SYSTEMPATH/CodeIgniter.php(502): CodeIgniter\CodeIgniter->runController(Object(App\Controllers\Cine))
 8 SYSTEMPATH/CodeIgniter.php(361): CodeIgniter\CodeIgniter->handleRequest(null, Object(Config\Cache), false)
 9 FCPATH/index.php(79): CodeIgniter\CodeIgniter->run()
